- Oracle 数据库的优化器，有两种：
1. RBO：基于 rule 规则  (淘汰了)
2. CBO: 基于 cost 成本


- Oracle 执行计划 的例子：

查询10号 部门的员工：
explain plan for select count(*) from emp where deptno=10;
select * from table(DBMS_XPLAN.display);


1. 没有 Index
PLAN_TABLE_OUTPUT
--------------------------------------------------------------------------------
Plan hash value: 2083865914

---------------------------------------------------------------------------
| Id  | Operation          | Name | Rows  | Bytes | Cost (%CPU)| Time     |
---------------------------------------------------------------------------
|   0 | SELECT STATEMENT   |      |     1 |     3 |     3   (0)| 00:00:01 |
|   1 |  SORT AGGREGATE    |      |     1 |     3 |            |          |
|*  2 |   TABLE ACCESS FULL| EMP  |     5 |    15 |     3   (0)| 00:00:01 |
---------------------------------------------------------------------------


2. 有 Index
create Index depno_idx on emp(deptno);

PLAN_TABLE_OUTPUT
--------------------------------------------------------------------------------
Plan hash value: 2535768725

-------------------------------------------------------------------------------
| Id  | Operation         | Name      | Rows  | Bytes | Cost (%CPU)| Time     |
-------------------------------------------------------------------------------
|   0 | SELECT STATEMENT  |           |     1 |     3 |     1   (0)| 00:00:01 |
|   1 |  SORT AGGREGATE   |           |     1 |     3 |            |          |
|*  2 |   INDEX RANGE SCAN| DEPNO_IDX |     5 |    15 |     1   (0)| 00:00:01 |
-------------------------------------------------------------------------------
